/*C2*/SET SCHEMA PUBLIC
INSERT INTO SCORECARD VALUES(6,0,7)
DELETE FROM GAME_SCORECARDS WHERE GAME_ID=3 AND SCORECARDS_ID=5
INSERT INTO GAME_SCORECARDS VALUES(3,5)
INSERT INTO GAME_SCORECARDS VALUES(3,6)
COMMIT
/*C3*/SET SCHEMA PUBLIC
DELETE FROM GAME WHERE ID=3
INSERT INTO GAME VALUES(3,0,0,'IN_PROGRESS',6)
COMMIT
DELETE FROM GAME WHERE ID=3
INSERT INTO GAME VALUES(3,0,1,'IN_PROGRESS',6)
DELETE FROM GAME_DICE WHERE GAME_ID=3 AND DICE=1
DELETE FROM GAME_DICE WHERE GAME_ID=3 AND DICE=1
DELETE FROM GAME_DICE WHERE GAME_ID=3 AND DICE=1
DELETE FROM GAME_DICE WHERE GAME_ID=3 AND DICE=1
DELETE FROM GAME_DICE WHERE GAME_ID=3 AND DICE=1
INSERT INTO GAME_DICE VALUES(3,1)
INSERT INTO GAME_DICE VALUES(3,4)
INSERT INTO GAME_DICE VALUES(3,3)
INSERT INTO GAME_DICE VALUES(3,1)
INSERT INTO GAME_DICE VALUES(3,2)
COMMIT
DELETE FROM GAME WHERE ID=3
INSERT INTO GAME VALUES(3,0,2,'IN_PROGRESS',6)
DELETE FROM GAME_DICE WHERE GAME_ID=3 AND DICE=1
DELETE FROM GAME_DICE WHERE GAME_ID=3 AND DICE=4
DELETE FROM GAME_DICE WHERE GAME_ID=3 AND DICE=3
DELETE FROM GAME_DICE WHERE GAME_ID=3 AND DICE=1
DELETE FROM GAME_DICE WHERE GAME_ID=3 AND DICE=2
INSERT INTO GAME_DICE VALUES(3,1)
INSERT INTO GAME_DICE VALUES(3,4)
INSERT INTO GAME_DICE VALUES(3,5)
INSERT INTO GAME_DICE VALUES(3,1)
INSERT INTO GAME_DICE VALUES(3,5)
COMMIT
DELETE FROM GAME WHERE ID=3
INSERT INTO GAME VALUES(3,0,3,'IN_PROGRESS',6)
DELETE FROM GAME_DICE WHERE GAME_ID=3 AND DICE=1
DELETE FROM GAME_DICE WHERE GAME_ID=3 AND DICE=4
DELETE FROM GAME_DICE WHERE GAME_ID=3 AND DICE=5
DELETE FROM GAME_DICE WHERE GAME_ID=3 AND DICE=1
DELETE FROM GAME_DICE WHERE GAME_ID=3 AND DICE=5
INSERT INTO GAME_DICE VALUES(3,5)
INSERT INTO GAME_DICE VALUES(3,2)
INSERT INTO GAME_DICE VALUES(3,5)
INSERT INTO GAME_DICE VALUES(3,2)
INSERT INTO GAME_DICE VALUES(3,5)
COMMIT
DELETE FROM GAME WHERE ID=3
INSERT INTO GAME VALUES(3,1,0,'IN_PROGRESS',6)
DELETE FROM SCORECARD WHERE ID=5
INSERT INTO SCORECARD VALUES(5,15,6)
DELETE FROM GAME_DICE WHERE GAME_ID=3 AND DICE=5
DELETE FROM GAME_DICE WHERE GAME_ID=3 AND DICE=2
DELETE FROM GAME_DICE WHERE GAME_ID=3 AND DICE=5
DELETE FROM GAME_DICE WHERE GAME_ID=3 AND DICE=2
DELETE FROM GAME_DICE WHERE GAME_ID=3 AND DICE=5
INSERT INTO GAME_DICE VALUES(3,1)
INSERT INTO GAME_DICE VALUES(3,1)
INSERT INTO GAME_DICE VALUES(3,1)
INSERT INTO GAME_DICE VALUES(3,1)
INSERT INTO GAME_DICE VALUES(3,1)
INSERT INTO SCORECARD_SCORES VALUES(5,15,'FIVES')
COMMIT
/*C4*/SET SCHEMA PUBLIC
DELETE FROM GAME WHERE ID=3
INSERT INTO GAME VALUES(3,1,1,'IN_PROGRESS',6)
DELETE FROM GAME_DICE WHERE GAME_ID=3 AND DICE=1
DELETE FROM GAME_DICE WHERE GAME_ID=3 AND DICE=1
DELETE FROM GAME_DICE WHERE GAME_ID=3 AND DICE=1
DELETE FROM GAME_DICE WHERE GAME_ID=3 AND DICE=1
DELETE FROM GAME_DICE WHERE GAME_ID=3 AND DICE=1
INSERT INTO GAME_DICE VALUES(3,2)
INSERT INTO GAME_DICE VALUES(3,5)
INSERT INTO GAME_DICE VALUES(3,4)
INSERT INTO GAME_DICE VALUES(3,1)
INSERT INTO GAME_DICE VALUES(3,5)
COMMIT
DELETE FROM GAME WHERE ID=3
INSERT INTO GAME VALUES(3,1,2,'IN_PROGRESS',6)
DELETE FROM GAME_DICE WHERE GAME_ID=3 AND DICE=2
DELETE FROM GAME_DICE WHERE GAME_ID=3 AND DICE=5
DELETE FROM GAME_DICE WHERE GAME_ID=3 AND DICE=4
DELETE FROM GAME_DICE WHERE GAME_ID=3 AND DICE=1
DELETE FROM GAME_DICE WHERE GAME_ID=3 AND DICE=5
INSERT INTO GAME_DICE VALUES(3,3)
INSERT INTO GAME_DICE VALUES(3,5)
INSERT INTO GAME_DICE VALUES(3,2)
INSERT INTO GAME_DICE VALUES(3,5)
INSERT INTO GAME_DICE VALUES(3,5)
COMMIT
DELETE FROM GAME WHERE ID=3
INSERT INTO GAME VALUES(3,1,3,'IN_PROGRESS',6)
DELETE FROM GAME_DICE WHERE GAME_ID=3 AND DICE=3
DELETE FROM GAME_DICE WHERE GAME_ID=3 AND DICE=5
DELETE FROM GAME_DICE WHERE GAME_ID=3 AND DICE=2
DELETE FROM GAME_DICE WHERE GAME_ID=3 AND DICE=5
DELETE FROM GAME_DICE WHERE GAME_ID=3 AND DICE=5
INSERT INTO GAME_DICE VALUES(3,4)
INSERT INTO GAME_DICE VALUES(3,5)
INSERT INTO GAME_DICE VALUES(3,1)
INSERT INTO GAME_DICE VALUES(3,5)
INSERT INTO GAME_DICE VALUES(3,5)
COMMIT
/*C2*/DELETE FROM GAME WHERE ID=3
INSERT INTO GAME VALUES(3,0,0,'IN_PROGRESS',6)
DELETE FROM SCORECARD WHERE ID=6
INSERT INTO SCORECARD VALUES(6,15,7)
DELETE FROM GAME_DICE WHERE GAME_ID=3 AND DICE=4
DELETE FROM GAME_DICE WHERE GAME_ID=3 AND DICE=5
DELETE FROM GAME_DICE WHERE GAME_ID=3 AND DICE=1
DELETE FROM GAME_DICE WHERE GAME_ID=3 AND DICE=5
DELETE FROM GAME_DICE WHERE GAME_ID=3 AND DICE=5
INSERT INTO GAME_DICE VALUES(3,1)
INSERT INTO GAME_DICE VALUES(3,1)
INSERT INTO GAME_DICE VALUES(3,1)
INSERT INTO GAME_DICE VALUES(3,1)
INSERT INTO GAME_DICE VALUES(3,1)
INSERT INTO SCORECARD_SCORES VALUES(6,15,'FIVES')
COMMIT
/*C5*/SET SCHEMA PUBLIC
DELETE FROM GAME WHERE ID=3
INSERT INTO GAME VALUES(3,0,1,'IN_PROGRESS',6)
DELETE FROM GAME_DICE WHERE GAME_ID=3 AND DICE=1
DELETE FROM GAME_DICE WHERE GAME_ID=3 AND DICE=1
DELETE FROM GAME_DICE WHERE GAME_ID=3 AND DICE=1
DELETE FROM GAME_DICE WHERE GAME_ID=3 AND DICE=1
DELETE FROM GAME_DICE WHERE GAME_ID=3 AND DICE=1
INSERT INTO GAME_DICE VALUES(3,4)
INSERT INTO GAME_DICE VALUES(3,2)
INSERT INTO GAME_DICE VALUES(3,6)
INSERT INTO GAME_DICE VALUES(3,4)
INSERT INTO GAME_DICE VALUES(3,2)
COMMIT
/*C4*/DELETE FROM GAME WHERE ID=3
INSERT INTO GAME VALUES(3,0,2,'IN_PROGRESS',6)
DELETE FROM GAME_DICE WHERE GAME_ID=3 AND DICE=4
DELETE FROM GAME_DICE WHERE GAME_ID=3 AND DICE=2
DELETE FROM GAME_DICE WHERE GAME_ID=3 AND DICE=6
DELETE FROM GAME_DICE WHERE GAME_ID=3 AND DICE=4
DELETE FROM GAME_DICE WHERE GAME_ID=3 AND DICE=2
INSERT INTO GAME_DICE VALUES(3,4)
INSERT INTO GAME_DICE VALUES(3,2)
INSERT INTO GAME_DICE VALUES(3,6)
INSERT INTO GAME_DICE VALUES(3,4)
INSERT INTO GAME_DICE VALUES(3,4)
COMMIT
/*C3*/DELETE FROM GAME WHERE ID=3
INSERT INTO GAME VALUES(3,0,3,'IN_PROGRESS',6)
DELETE FROM GAME_DICE WHERE GAME_ID=3 AND DICE=4
DELETE FROM GAME_DICE WHERE GAME_ID=3 AND DICE=2
DELETE FROM GAME_DICE WHERE GAME_ID=3 AND DICE=6
DELETE FROM GAME_DICE WHERE GAME_ID=3 AND DICE=4
DELETE FROM GAME_DICE WHERE GAME_ID=3 AND DICE=4
INSERT INTO GAME_DICE VALUES(3,4)
INSERT INTO GAME_DICE VALUES(3,2)
INSERT INTO GAME_DICE VALUES(3,3)
INSERT INTO GAME_DICE VALUES(3,4)
INSERT INTO GAME_DICE VALUES(3,4)
COMMIT
/*C2*/DELETE FROM GAME WHERE ID=3
INSERT INTO GAME VALUES(3,1,0,'IN_PROGRESS',6)
DELETE FROM SCORECARD WHERE ID=5
INSERT INTO SCORECARD VALUES(5,27,6)
DELETE FROM GAME_DICE WHERE GAME_ID=3 AND DICE=4
DELETE FROM GAME_DICE WHERE GAME_ID=3 AND DICE=2
DELETE FROM GAME_DICE WHERE GAME_ID=3 AND DICE=3
DELETE FROM GAME_DICE WHERE GAME_ID=3 AND DICE=4
DELETE FROM GAME_DICE WHERE GAME_ID=3 AND DICE=4
INSERT INTO GAME_DICE VALUES(3,1)
INSERT INTO GAME_DICE VALUES(3,1)
INSERT INTO GAME_DICE VALUES(3,1)
INSERT INTO GAME_DICE VALUES(3,1)
INSERT INTO GAME_DICE VALUES(3,1)
INSERT INTO SCORECARD_SCORES VALUES(5,12,'FOURS')
COMMIT
/*C3*/DELETE FROM GAME WHERE ID=3
INSERT INTO GAME VALUES(3,1,1,'IN_PROGRESS',6)
DELETE FROM GAME_DICE WHERE GAME_ID=3 AND DICE=1
DELETE FROM GAME_DICE WHERE GAME_ID=3 AND DICE=1
DELETE FROM GAME_DICE WHERE GAME_ID=3 AND DICE=1
DELETE FROM GAME_DICE WHERE GAME_ID=3 AND DICE=1
DELETE FROM GAME_DICE WHERE GAME_ID=3 AND DICE=1
INSERT INTO GAME_DICE VALUES(3,2)
INSERT INTO GAME_DICE VALUES(3,6)
INSERT INTO GAME_DICE VALUES(3,1)
INSERT INTO GAME_DICE VALUES(3,5)
INSERT INTO GAME_DICE VALUES(3,2)
COMMIT
/*C2*/DELETE FROM GAME WHERE ID=3
INSERT INTO GAME VALUES(3,1,2,'IN_PROGRESS',6)
DELETE FROM GAME_DICE WHERE GAME_ID=3 AND DICE=2
DELETE FROM GAME_DICE WHERE GAME_ID=3 AND DICE=6
DELETE FROM GAME_DICE WHERE GAME_ID=3 AND DICE=1
DELETE FROM GAME_DICE WHERE GAME_ID=3 AND DICE=5
DELETE FROM GAME_DICE WHERE GAME_ID=3 AND DICE=2
INSERT INTO GAME_DICE VALUES(3,2)
INSERT INTO GAME_DICE VALUES(3,1)
INSERT INTO GAME_DICE VALUES(3,2)
INSERT INTO GAME_DICE VALUES(3,5)
INSERT INTO GAME_DICE VALUES(3,2)
COMMIT
/*C5*/DELETE FROM GAME WHERE ID=3
INSERT INTO GAME VALUES(3,1,3,'IN_PROGRESS',6)
DELETE FROM GAME_DICE WHERE GAME_ID=3 AND DICE=2
DELETE FROM GAME_DICE WHERE GAME_ID=3 AND DICE=1
DELETE FROM GAME_DICE WHERE GAME_ID=3 AND DICE=2
DELETE FROM GAME_DICE WHERE GAME_ID=3 AND DICE=5
DELETE FROM GAME_DICE WHERE GAME_ID=3 AND DICE=2
INSERT INTO GAME_DICE VALUES(3,2)
INSERT INTO GAME_DICE VALUES(3,2)
INSERT INTO GAME_DICE VALUES(3,2)
INSERT INTO GAME_DICE VALUES(3,1)
INSERT INTO GAME_DICE VALUES(3,2)
COMMIT
/*C2*/DELETE FROM GAME WHERE ID=3
INSERT INTO GAME VALUES(3,0,0,'IN_PROGRESS',6)
DELETE FROM SCORECARD WHERE ID=6
INSERT INTO SCORECARD VALUES(6,23,7)
DELETE FROM GAME_DICE WHERE GAME_ID=3 AND DICE=2
DELETE FROM GAME_DICE WHERE GAME_ID=3 AND DICE=2
DELETE FROM GAME_DICE WHERE GAME_ID=3 AND DICE=2
DELETE FROM GAME_DICE WHERE GAME_ID=3 AND DICE=1
DELETE FROM GAME_DICE WHERE GAME_ID=3 AND DICE=2
INSERT INTO GAME_DICE VALUES(3,1)
INSERT INTO GAME_DICE VALUES(3,1)
INSERT INTO GAME_DICE VALUES(3,1)
INSERT INTO GAME_DICE VALUES(3,1)
INSERT INTO GAME_DICE VALUES(3,1)
INSERT INTO SCORECARD_SCORES VALUES(6,8,'TWOS')
COMMIT
/*C5*/DELETE FROM GAME WHERE ID=3
INSERT INTO GAME VALUES(3,0,1,'IN_PROGRESS',6)
DELETE FROM GAME_DICE WHERE GAME_ID=3 AND DICE=1
DELETE FROM GAME_DICE WHERE GAME_ID=3 AND DICE=1
DELETE FROM GAME_DICE WHERE GAME_ID=3 AND DICE=1
DELETE FROM GAME_DICE WHERE GAME_ID=3 AND DICE=1
DELETE FROM GAME_DICE WHERE GAME_ID=3 AND DICE=1
INSERT INTO GAME_DICE VALUES(3,1)
INSERT INTO GAME_DICE VALUES(3,4)
INSERT INTO GAME_DICE VALUES(3,4)
INSERT INTO GAME_DICE VALUES(3,5)
INSERT INTO GAME_DICE VALUES(3,6)
COMMIT
/*C2*/DELETE FROM GAME WHERE ID=3
INSERT INTO GAME VALUES(3,0,2,'IN_PROGRESS',6)
DELETE FROM GAME_DICE WHERE GAME_ID=3 AND DICE=1
DELETE FROM GAME_DICE WHERE GAME_ID=3 AND DICE=4
DELETE FROM GAME_DICE WHERE GAME_ID=3 AND DICE=4
DELETE FROM GAME_DICE WHERE GAME_ID=3 AND DICE=5
DELETE FROM GAME_DICE WHERE GAME_ID=3 AND DICE=6
INSERT INTO GAME_DICE VALUES(3,6)
INSERT INTO GAME_DICE VALUES(3,4)
INSERT INTO GAME_DICE VALUES(3,4)
INSERT INTO GAME_DICE VALUES(3,4)
INSERT INTO GAME_DICE VALUES(3,2)
COMMIT
/*C4*/DELETE FROM GAME WHERE ID=3
INSERT INTO GAME VALUES(3,0,3,'IN_PROGRESS',6)
DELETE FROM GAME_DICE WHERE GAME_ID=3 AND DICE=6
DELETE FROM GAME_DICE WHERE GAME_ID=3 AND DICE=4
DELETE FROM GAME_DICE WHERE GAME_ID=3 AND DICE=4
DELETE FROM GAME_DICE WHERE GAME_ID=3 AND DICE=4
DELETE FROM GAME_DICE WHERE GAME_ID=3 AND DICE=2
INSERT INTO GAME_DICE VALUES(3,2)
INSERT INTO GAME_DICE VALUES(3,1)
INSERT INTO GAME_DICE VALUES(3,3)
INSERT INTO GAME_DICE VALUES(3,2)
INSERT INTO GAME_DICE VALUES(3,3)
COMMIT
/*C2*/DELETE FROM GAME WHERE ID=3
INSERT INTO GAME VALUES(3,1,0,'IN_PROGRESS',6)
DELETE FROM SCORECARD WHERE ID=5
INSERT INTO SCORECARD VALUES(5,31,6)
DELETE FROM GAME_DICE WHERE GAME_ID=3 AND DICE=2
DELETE FROM GAME_DICE WHERE GAME_ID=3 AND DICE=1
DELETE FROM GAME_DICE WHERE GAME_ID=3 AND DICE=3
DELETE FROM GAME_DICE WHERE GAME_ID=3 AND DICE=2
DELETE FROM GAME_DICE WHERE GAME_ID=3 AND DICE=3
INSERT INTO GAME_DICE VALUES(3,1)
INSERT INTO GAME_DICE VALUES(3,1)
INSERT INTO GAME_DICE VALUES(3,1)
INSERT INTO GAME_DICE VALUES(3,1)
INSERT INTO GAME_DICE VALUES(3,1)
INSERT INTO SCORECARD_SCORES VALUES(5,4,'TWOS')
COMMIT
DELETE FROM GAME WHERE ID=3
INSERT INTO GAME VALUES(3,1,1,'IN_PROGRESS',6)
DELETE FROM GAME_DICE WHERE GAME_ID=3 AND DICE=1
DELETE FROM GAME_DICE WHERE GAME_ID=3 AND DICE=1
DELETE FROM GAME_DICE WHERE GAME_ID=3 AND DICE=1
DELETE FROM GAME_DICE WHERE GAME_ID=3 AND DICE=1
DELETE FROM GAME_DICE WHERE GAME_ID=3 AND DICE=1
INSERT INTO GAME_DICE VALUES(3,6)
INSERT INTO GAME_DICE VALUES(3,4)
INSERT INTO GAME_DICE VALUES(3,6)
INSERT INTO GAME_DICE VALUES(3,6)
INSERT INTO GAME_DICE VALUES(3,1)
COMMIT
/*C4*/DELETE FROM GAME WHERE ID=3
INSERT INTO GAME VALUES(3,1,2,'IN_PROGRESS',6)
DELETE FROM GAME_DICE WHERE GAME_ID=3 AND DICE=6
DELETE FROM GAME_DICE WHERE GAME_ID=3 AND DICE=4
DELETE FROM GAME_DICE WHERE GAME_ID=3 AND DICE=6
DELETE FROM GAME_DICE WHERE GAME_ID=3 AND DICE=6
DELETE FROM GAME_DICE WHERE GAME_ID=3 AND DICE=1
INSERT INTO GAME_DICE VALUES(3,6)
INSERT INTO GAME_DICE VALUES(3,2)
INSERT INTO GAME_DICE VALUES(3,6)
INSERT INTO GAME_DICE VALUES(3,6)
INSERT INTO GAME_DICE VALUES(3,5)
COMMIT
/*C2*/DELETE FROM GAME WHERE ID=3
INSERT INTO GAME VALUES(3,1,3,'IN_PROGRESS',6)
DELETE FROM GAME_DICE WHERE GAME_ID=3 AND DICE=6
DELETE FROM GAME_DICE WHERE GAME_ID=3 AND DICE=2
DELETE FROM GAME_DICE WHERE GAME_ID=3 AND DICE=6
DELETE FROM GAME_DICE WHERE GAME_ID=3 AND DICE=6
DELETE FROM GAME_DICE WHERE GAME_ID=3 AND DICE=5
INSERT INTO GAME_DICE VALUES(3,6)
INSERT INTO GAME_DICE VALUES(3,2)
INSERT INTO GAME_DICE VALUES(3,6)
INSERT INTO GAME_DICE VALUES(3,6)
INSERT INTO GAME_DICE VALUES(3,4)
COMMIT
/*C5*/DELETE FROM GAME WHERE ID=3
INSERT INTO GAME VALUES(3,0,0,'IN_PROGRESS',6)
DELETE FROM SCORECARD WHERE ID=6
INSERT INTO SCORECARD VALUES(6,41,7)
DELETE FROM GAME_DICE WHERE GAME_ID=3 AND DICE=6
DELETE FROM GAME_DICE WHERE GAME_ID=3 AND DICE=2
DELETE FROM GAME_DICE WHERE GAME_ID=3 AND DICE=6
DELETE FROM GAME_DICE WHERE GAME_ID=3 AND DICE=6
DELETE FROM GAME_DICE WHERE GAME_ID=3 AND DICE=4
INSERT INTO GAME_DICE VALUES(3,1)
INSERT INTO GAME_DICE VALUES(3,1)
INSERT INTO GAME_DICE VALUES(3,1)
INSERT INTO GAME_DICE VALUES(3,1)
INSERT INTO GAME_DICE VALUES(3,1)
INSERT INTO SCORECARD_SCORES VALUES(6,18,'SIXES')
COMMIT
/*C2*/DELETE FROM GAME WHERE ID=3
INSERT INTO GAME VALUES(3,0,1,'IN_PROGRESS',6)
DELETE FROM GAME_DICE WHERE GAME_ID=3 AND DICE=1
DELETE FROM GAME_DICE WHERE GAME_ID=3 AND DICE=1
DELETE FROM GAME_DICE WHERE GAME_ID=3 AND DICE=1
DELETE FROM GAME_DICE WHERE GAME_ID=3 AND DICE=1
DELETE FROM GAME_DICE WHERE GAME_ID=3 AND DICE=1
INSERT INTO GAME_DICE VALUES(3,6)
INSERT INTO GAME_DICE VALUES(3,4)
INSERT INTO GAME_DICE VALUES(3,5)
INSERT INTO GAME_DICE VALUES(3,3)
INSERT INTO GAME_DICE VALUES(3,6)
COMMIT
/*C5*/DELETE FROM GAME WHERE ID=3
INSERT INTO GAME VALUES(3,0,2,'IN_PROGRESS',6)
DELETE FROM GAME_DICE WHERE GAME_ID=3 AND DICE=6
DELETE FROM GAME_DICE WHERE GAME_ID=3 AND DICE=4
DELETE FROM GAME_DICE WHERE GAME_ID=3 AND DICE=5
DELETE FROM GAME_DICE WHERE GAME_ID=3 AND DICE=3
DELETE FROM GAME_DICE WHERE GAME_ID=3 AND DICE=6
INSERT INTO GAME_DICE VALUES(3,6)
INSERT INTO GAME_DICE VALUES(3,6)
INSERT INTO GAME_DICE VALUES(3,3)
INSERT INTO GAME_DICE VALUES(3,2)
INSERT INTO GAME_DICE VALUES(3,6)
COMMIT
/*C2*/DELETE FROM GAME WHERE ID=3
INSERT INTO GAME VALUES(3,0,3,'IN_PROGRESS',6)
DELETE FROM GAME_DICE WHERE GAME_ID=3 AND DICE=6
DELETE FROM GAME_DICE WHERE GAME_ID=3 AND DICE=6
DELETE FROM GAME_DICE WHERE GAME_ID=3 AND DICE=3
DELETE FROM GAME_DICE WHERE GAME_ID=3 AND DICE=2
DELETE FROM GAME_DICE WHERE GAME_ID=3 AND DICE=6
INSERT INTO GAME_DICE VALUES(3,6)
INSERT INTO GAME_DICE VALUES(3,6)
INSERT INTO GAME_DICE VALUES(3,5)
INSERT INTO GAME_DICE VALUES(3,3)
INSERT INTO GAME_DICE VALUES(3,6)
COMMIT
/*C4*/DELETE FROM GAME WHERE ID=3
INSERT INTO GAME VALUES(3,1,0,'IN_PROGRESS',6)
DELETE FROM SCORECARD WHERE ID=5
INSERT INTO SCORECARD VALUES(5,49,6)
DELETE FROM GAME_DICE WHERE GAME_ID=3 AND DICE=6
DELETE FROM GAME_DICE WHERE GAME_ID=3 AND DICE=6
DELETE FROM GAME_DICE WHERE GAME_ID=3 AND DICE=5
DELETE FROM GAME_DICE WHERE GAME_ID=3 AND DICE=3
DELETE FROM GAME_DICE WHERE GAME_ID=3 AND DICE=6
INSERT INTO GAME_DICE VALUES(3,1)
INSERT INTO GAME_DICE VALUES(3,1)
INSERT INTO GAME_DICE VALUES(3,1)
INSERT INTO GAME_DICE VALUES(3,1)
INSERT INTO GAME_DICE VALUES(3,1)
INSERT INTO SCORECARD_SCORES VALUES(5,18,'SIXES')
COMMIT
/*C2*/DELETE FROM GAME WHERE ID=3
INSERT INTO GAME VALUES(3,1,1,'IN_PROGRESS',6)
DELETE FROM GAME_DICE WHERE GAME_ID=3 AND DICE=1
DELETE FROM GAME_DICE WHERE GAME_ID=3 AND DICE=1
DELETE FROM GAME_DICE WHERE GAME_ID=3 AND DICE=1
DELETE FROM GAME_DICE WHERE GAME_ID=3 AND DICE=1
DELETE FROM GAME_DICE WHERE GAME_ID=3 AND DICE=1
INSERT INTO GAME_DICE VALUES(3,5)
INSERT INTO GAME_DICE VALUES(3,6)
INSERT INTO GAME_DICE VALUES(3,2)
INSERT INTO GAME_DICE VALUES(3,2)
INSERT INTO GAME_DICE VALUES(3,6)
COMMIT
/*C4*/DELETE FROM GAME WHERE ID=3
INSERT INTO GAME VALUES(3,1,2,'IN_PROGRESS',6)
DELETE FROM GAME_DICE WHERE GAME_ID=3 AND DICE=5
DELETE FROM GAME_DICE WHERE GAME_ID=3 AND DICE=6
DELETE FROM GAME_DICE WHERE GAME_ID=3 AND DICE=2
DELETE FROM GAME_DICE WHERE GAME_ID=3 AND DICE=2
DELETE FROM GAME_DICE WHERE GAME_ID=3 AND DICE=6
INSERT INTO GAME_DICE VALUES(3,4)
INSERT INTO GAME_DICE VALUES(3,6)
INSERT INTO GAME_DICE VALUES(3,1)
INSERT INTO GAME_DICE VALUES(3,1)
INSERT INTO GAME_DICE VALUES(3,6)
COMMIT
/*C3*/DELETE FROM GAME WHERE ID=3
INSERT INTO GAME VALUES(3,1,3,'IN_PROGRESS',6)
DELETE FROM GAME_DICE WHERE GAME_ID=3 AND DICE=4
DELETE FROM GAME_DICE WHERE GAME_ID=3 AND DICE=6
DELETE FROM GAME_DICE WHERE GAME_ID=3 AND DICE=1
DELETE FROM GAME_DICE WHERE GAME_ID=3 AND DICE=1
DELETE FROM GAME_DICE WHERE GAME_ID=3 AND DICE=6
INSERT INTO GAME_DICE VALUES(3,2)
INSERT INTO GAME_DICE VALUES(3,4)
INSERT INTO GAME_DICE VALUES(3,1)
INSERT INTO GAME_DICE VALUES(3,1)
INSERT INTO GAME_DICE VALUES(3,6)
COMMIT
DELETE FROM GAME WHERE ID=3
INSERT INTO GAME VALUES(3,0,0,'IN_PROGRESS',6)
DELETE FROM SCORECARD WHERE ID=6
INSERT INTO SCORECARD VALUES(6,43,7)
DELETE FROM GAME_DICE WHERE GAME_ID=3 AND DICE=2
DELETE FROM GAME_DICE WHERE GAME_ID=3 AND DICE=4
DELETE FROM GAME_DICE WHERE GAME_ID=3 AND DICE=1
DELETE FROM GAME_DICE WHERE GAME_ID=3 AND DICE=1
DELETE FROM GAME_DICE WHERE GAME_ID=3 AND DICE=6
INSERT INTO GAME_DICE VALUES(3,1)
INSERT INTO GAME_DICE VALUES(3,1)
INSERT INTO GAME_DICE VALUES(3,1)
INSERT INTO GAME_DICE VALUES(3,1)
INSERT INTO GAME_DICE VALUES(3,1)
INSERT INTO SCORECARD_SCORES VALUES(6,2,'ONES')
COMMIT
DELETE FROM GAME WHERE ID=3
INSERT INTO GAME VALUES(3,0,1,'IN_PROGRESS',6)
DELETE FROM GAME_DICE WHERE GAME_ID=3 AND DICE=1
DELETE FROM GAME_DICE WHERE GAME_ID=3 AND DICE=1
DELETE FROM GAME_DICE WHERE GAME_ID=3 AND DICE=1
DELETE FROM GAME_DICE WHERE GAME_ID=3 AND DICE=1
DELETE FROM GAME_DICE WHERE GAME_ID=3 AND DICE=1
INSERT INTO GAME_DICE VALUES(3,2)
INSERT INTO GAME_DICE VALUES(3,2)
INSERT INTO GAME_DICE VALUES(3,2)
INSERT INTO GAME_DICE VALUES(3,1)
INSERT INTO GAME_DICE VALUES(3,4)
COMMIT
DELETE FROM GAME WHERE ID=3
INSERT INTO GAME VALUES(3,0,2,'IN_PROGRESS',6)
DELETE FROM GAME_DICE WHERE GAME_ID=3 AND DICE=2
DELETE FROM GAME_DICE WHERE GAME_ID=3 AND DICE=2
DELETE FROM GAME_DICE WHERE GAME_ID=3 AND DICE=2
DELETE FROM GAME_DICE WHERE GAME_ID=3 AND DICE=1
DELETE FROM GAME_DICE WHERE GAME_ID=3 AND DICE=4
INSERT INTO GAME_DICE VALUES(3,6)
INSERT INTO GAME_DICE VALUES(3,6)
INSERT INTO GAME_DICE VALUES(3,3)
INSERT INTO GAME_DICE VALUES(3,1)
INSERT INTO GAME_DICE VALUES(3,3)
COMMIT
/*C2*/DELETE FROM GAME WHERE ID=3
INSERT INTO GAME VALUES(3,0,3,'IN_PROGRESS',6)
DELETE FROM GAME_DICE WHERE GAME_ID=3 AND DICE=6
DELETE FROM GAME_DICE WHERE GAME_ID=3 AND DICE=6
DELETE FROM GAME_DICE WHERE GAME_ID=3 AND DICE=3
DELETE FROM GAME_DICE WHERE GAME_ID=3 AND DICE=1
DELETE FROM GAME_DICE WHERE GAME_ID=3 AND DICE=3
INSERT INTO GAME_DICE VALUES(3,4)
INSERT INTO GAME_DICE VALUES(3,6)
INSERT INTO GAME_DICE VALUES(3,3)
INSERT INTO GAME_DICE VALUES(3,1)
INSERT INTO GAME_DICE VALUES(3,3)
COMMIT
/*C3*/DELETE FROM GAME WHERE ID=3
INSERT INTO GAME VALUES(3,1,0,'IN_PROGRESS',6)
DELETE FROM SCORECARD WHERE ID=5
INSERT INTO SCORECARD VALUES(5,55,6)
DELETE FROM GAME_DICE WHERE GAME_ID=3 AND DICE=4
DELETE FROM GAME_DICE WHERE GAME_ID=3 AND DICE=6
DELETE FROM GAME_DICE WHERE GAME_ID=3 AND DICE=3
DELETE FROM GAME_DICE WHERE GAME_ID=3 AND DICE=1
DELETE FROM GAME_DICE WHERE GAME_ID=3 AND DICE=3
INSERT INTO GAME_DICE VALUES(3,1)
INSERT INTO GAME_DICE VALUES(3,1)
INSERT INTO GAME_DICE VALUES(3,1)
INSERT INTO GAME_DICE VALUES(3,1)
INSERT INTO GAME_DICE VALUES(3,1)
INSERT INTO SCORECARD_SCORES VALUES(5,6,'THREES')
COMMIT
/*C5*/DELETE FROM GAME WHERE ID=3
INSERT INTO GAME VALUES(3,1,1,'IN_PROGRESS',6)
DELETE FROM GAME_DICE WHERE GAME_ID=3 AND DICE=1
DELETE FROM GAME_DICE WHERE GAME_ID=3 AND DICE=1
DELETE FROM GAME_DICE WHERE GAME_ID=3 AND DICE=1
DELETE FROM GAME_DICE WHERE GAME_ID=3 AND DICE=1
DELETE FROM GAME_DICE WHERE GAME_ID=3 AND DICE=1
INSERT INTO GAME_DICE VALUES(3,4)
INSERT INTO GAME_DICE VALUES(3,4)
INSERT INTO GAME_DICE VALUES(3,1)
INSERT INTO GAME_DICE VALUES(3,3)
INSERT INTO GAME_DICE VALUES(3,5)
COMMIT
/*C3*/DELETE FROM GAME WHERE ID=3
INSERT INTO GAME VALUES(3,1,2,'IN_PROGRESS',6)
DELETE FROM GAME_DICE WHERE GAME_ID=3 AND DICE=4
DELETE FROM GAME_DICE WHERE GAME_ID=3 AND DICE=4
DELETE FROM GAME_DICE WHERE GAME_ID=3 AND DICE=1
DELETE FROM GAME_DICE WHERE GAME_ID=3 AND DICE=3
DELETE FROM GAME_DICE WHERE GAME_ID=3 AND DICE=5
INSERT INTO GAME_DICE VALUES(3,4)
INSERT INTO GAME_DICE VALUES(3,4)
INSERT INTO GAME_DICE VALUES(3,6)
INSERT INTO GAME_DICE VALUES(3,4)
INSERT INTO GAME_DICE VALUES(3,6)
COMMIT
/*C2*/DELETE FROM GAME WHERE ID=3
INSERT INTO GAME VALUES(3,1,3,'IN_PROGRESS',6)
DELETE FROM GAME_DICE WHERE GAME_ID=3 AND DICE=4
DELETE FROM GAME_DICE WHERE GAME_ID=3 AND DICE=4
DELETE FROM GAME_DICE WHERE GAME_ID=3 AND DICE=6
DELETE FROM GAME_DICE WHERE GAME_ID=3 AND DICE=4
DELETE FROM GAME_DICE WHERE GAME_ID=3 AND DICE=6
INSERT INTO GAME_DICE VALUES(3,4)
INSERT INTO GAME_DICE VALUES(3,4)
INSERT INTO GAME_DICE VALUES(3,1)
INSERT INTO GAME_DICE VALUES(3,4)
INSERT INTO GAME_DICE VALUES(3,5)
COMMIT
DELETE FROM GAME WHERE ID=3
INSERT INTO GAME VALUES(3,0,0,'IN_PROGRESS',6)
DELETE FROM SCORECARD WHERE ID=6
INSERT INTO SCORECARD VALUES(6,55,7)
DELETE FROM GAME_DICE WHERE GAME_ID=3 AND DICE=4
DELETE FROM GAME_DICE WHERE GAME_ID=3 AND DICE=4
DELETE FROM GAME_DICE WHERE GAME_ID=3 AND DICE=1
DELETE FROM GAME_DICE WHERE GAME_ID=3 AND DICE=4
DELETE FROM GAME_DICE WHERE GAME_ID=3 AND DICE=5
INSERT INTO GAME_DICE VALUES(3,1)
INSERT INTO GAME_DICE VALUES(3,1)
INSERT INTO GAME_DICE VALUES(3,1)
INSERT INTO GAME_DICE VALUES(3,1)
INSERT INTO GAME_DICE VALUES(3,1)
INSERT INTO SCORECARD_SCORES VALUES(6,12,'FOURS')
COMMIT
DELETE FROM GAME WHERE ID=3
INSERT INTO GAME VALUES(3,0,1,'IN_PROGRESS',6)
DELETE FROM GAME_DICE WHERE GAME_ID=3 AND DICE=1
DELETE FROM GAME_DICE WHERE GAME_ID=3 AND DICE=1
DELETE FROM GAME_DICE WHERE GAME_ID=3 AND DICE=1
DELETE FROM GAME_DICE WHERE GAME_ID=3 AND DICE=1
DELETE FROM GAME_DICE WHERE GAME_ID=3 AND DICE=1
INSERT INTO GAME_DICE VALUES(3,6)
INSERT INTO GAME_DICE VALUES(3,5)
INSERT INTO GAME_DICE VALUES(3,2)
INSERT INTO GAME_DICE VALUES(3,1)
INSERT INTO GAME_DICE VALUES(3,5)
COMMIT
DELETE FROM GAME WHERE ID=3
INSERT INTO GAME VALUES(3,0,2,'IN_PROGRESS',6)
DELETE FROM GAME_DICE WHERE GAME_ID=3 AND DICE=6
DELETE FROM GAME_DICE WHERE GAME_ID=3 AND DICE=5
DELETE FROM GAME_DICE WHERE GAME_ID=3 AND DICE=2
DELETE FROM GAME_DICE WHERE GAME_ID=3 AND DICE=1
DELETE FROM GAME_DICE WHERE GAME_ID=3 AND DICE=5
INSERT INTO GAME_DICE VALUES(3,6)
INSERT INTO GAME_DICE VALUES(3,1)
INSERT INTO GAME_DICE VALUES(3,3)
INSERT INTO GAME_DICE VALUES(3,1)
INSERT INTO GAME_DICE VALUES(3,2)
COMMIT
DELETE FROM GAME WHERE ID=3
INSERT INTO GAME VALUES(3,0,3,'IN_PROGRESS',6)
DELETE FROM GAME_DICE WHERE GAME_ID=3 AND DICE=6
DELETE FROM GAME_DICE WHERE GAME_ID=3 AND DICE=1
DELETE FROM GAME_DICE WHERE GAME_ID=3 AND DICE=3
DELETE FROM GAME_DICE WHERE GAME_ID=3 AND DICE=1
DELETE FROM GAME_DICE WHERE GAME_ID=3 AND DICE=2
INSERT INTO GAME_DICE VALUES(3,2)
INSERT INTO GAME_DICE VALUES(3,1)
INSERT INTO GAME_DICE VALUES(3,4)
INSERT INTO GAME_DICE VALUES(3,1)
INSERT INTO GAME_DICE VALUES(3,1)
COMMIT
/*C3*/DELETE FROM GAME WHERE ID=3
INSERT INTO GAME VALUES(3,1,0,'IN_PROGRESS',6)
DELETE FROM SCORECARD WHERE ID=5
INSERT INTO SCORECARD VALUES(5,58,6)
DELETE FROM GAME_DICE WHERE GAME_ID=3 AND DICE=2
DELETE FROM GAME_DICE WHERE GAME_ID=3 AND DICE=1
DELETE FROM GAME_DICE WHERE GAME_ID=3 AND DICE=4
DELETE FROM GAME_DICE WHERE GAME_ID=3 AND DICE=1
DELETE FROM GAME_DICE WHERE GAME_ID=3 AND DICE=1
INSERT INTO GAME_DICE VALUES(3,1)
INSERT INTO GAME_DICE VALUES(3,1)
INSERT INTO GAME_DICE VALUES(3,1)
INSERT INTO GAME_DICE VALUES(3,1)
INSERT INTO GAME_DICE VALUES(3,1)
INSERT INTO SCORECARD_SCORES VALUES(5,3,'ONES')
COMMIT
/*C2*/DELETE FROM GAME WHERE ID=3
INSERT INTO GAME VALUES(3,1,1,'IN_PROGRESS',6)
DELETE FROM GAME_DICE WHERE GAME_ID=3 AND DICE=1
DELETE FROM GAME_DICE WHERE GAME_ID=3 AND DICE=1
DELETE FROM GAME_DICE WHERE GAME_ID=3 AND DICE=1
DELETE FROM GAME_DICE WHERE GAME_ID=3 AND DICE=1
DELETE FROM GAME_DICE WHERE GAME_ID=3 AND DICE=1
INSERT INTO GAME_DICE VALUES(3,3)
INSERT INTO GAME_DICE VALUES(3,5)
INSERT INTO GAME_DICE VALUES(3,5)
INSERT INTO GAME_DICE VALUES(3,1)
INSERT INTO GAME_DICE VALUES(3,6)
COMMIT
/*C3*/DELETE FROM GAME WHERE ID=3
INSERT INTO GAME VALUES(3,1,2,'IN_PROGRESS',6)
DELETE FROM GAME_DICE WHERE GAME_ID=3 AND DICE=3
DELETE FROM GAME_DICE WHERE GAME_ID=3 AND DICE=5
DELETE FROM GAME_DICE WHERE GAME_ID=3 AND DICE=5
DELETE FROM GAME_DICE WHERE GAME_ID=3 AND DICE=1
DELETE FROM GAME_DICE WHERE GAME_ID=3 AND DICE=6
INSERT INTO GAME_DICE VALUES(3,3)
INSERT INTO GAME_DICE VALUES(3,3)
INSERT INTO GAME_DICE VALUES(3,2)
INSERT INTO GAME_DICE VALUES(3,3)
INSERT INTO GAME_DICE VALUES(3,1)
COMMIT
/*C5*/DELETE FROM GAME WHERE ID=3
INSERT INTO GAME VALUES(3,1,3,'IN_PROGRESS',6)
DELETE FROM GAME_DICE WHERE GAME_ID=3 AND DICE=3
DELETE FROM GAME_DICE WHERE GAME_ID=3 AND DICE=3
DELETE FROM GAME_DICE WHERE GAME_ID=3 AND DICE=2
DELETE FROM GAME_DICE WHERE GAME_ID=3 AND DICE=3
DELETE FROM GAME_DICE WHERE GAME_ID=3 AND DICE=1
INSERT INTO GAME_DICE VALUES(3,3)
INSERT INTO GAME_DICE VALUES(3,3)
INSERT INTO GAME_DICE VALUES(3,4)
INSERT INTO GAME_DICE VALUES(3,3)
INSERT INTO GAME_DICE VALUES(3,6)
COMMIT
/*C4*/DELETE FROM GAME WHERE ID=3
INSERT INTO GAME VALUES(3,0,0,'IN_PROGRESS',6)
DELETE FROM SCORECARD WHERE ID=6
INSERT INTO SCORECARD VALUES(6,99,7)
DELETE FROM GAME_DICE WHERE GAME_ID=3 AND DICE=3
DELETE FROM GAME_DICE WHERE GAME_ID=3 AND DICE=3
DELETE FROM GAME_DICE WHERE GAME_ID=3 AND DICE=4
DELETE FROM GAME_DICE WHERE GAME_ID=3 AND DICE=3
DELETE FROM GAME_DICE WHERE GAME_ID=3 AND DICE=6
INSERT INTO GAME_DICE VALUES(3,1)
INSERT INTO GAME_DICE VALUES(3,1)
INSERT INTO GAME_DICE VALUES(3,1)
INSERT INTO GAME_DICE VALUES(3,1)
INSERT INTO GAME_DICE VALUES(3,1)
INSERT INTO SCORECARD_SCORES VALUES(6,9,'THREES')
COMMIT
/*C3*/INSERT INTO MESSAGE VALUES(4,'b','ez',3,'2026-05-06 15:17:00.765373')
COMMIT
/*C5*/INSERT INTO MESSAGE VALUES(5,'a','tgl fdp',3,'2026-05-06 15:17:03.530679')
COMMIT
/*C2*/INSERT INTO MESSAGE VALUES(6,'a','get c',3,'2026-05-06 15:17:05.435041')
COMMIT
